Arguments: 
  C:\Program Files\nodejs\node.exe C:\Users\86182\AppData\Roaming\npm\node_modules\yarn\bin\yarn.js init

PATH: 
  C:\Users\86182\bin;E:\anzhuang\Git\mingw64\bin;E:\anzhuang\Git\usr\local\bin;E:\anzhuang\Git\usr\bin;E:\anzhuang\Git\usr\bin;E:\anzhuang\Git\mingw64\bin;E:\anzhuang\Git\usr\bin;C:\Users\86182\bin;C:\Program Files\Common Files\Oracle\Java\javapath;E:\anzhuang\javabin;C:\windows\system32;C:\windows;C:\windows\System32\Wbem;C:\windows\System32\WindowsPowerShell\v1.0;C:\windows\System32\OpenSSH;C:\Program Files (x86)\NVIDIA Corporation\PhysX\Common;C:\Program Files\Intel\WiFi\bin;C:\Program Files\Common Files\Intel\WirelessCommon;C:\Program Files (x86)\Intel\Intel(R) Management Engine Components\DAL;C:\Program Files\Intel\Intel(R) Management Engine Components\DAL;C:\Program Files (x86)\Microsoft SQL Server\90\Tools\binn;D:\mysql\mysql-8.0.20-winx64\mysql-8.0.20-winx64\bin;C:\WINDOWS\system32;C:\WINDOWS;C:\WINDOWS\System32\Wbem;C:\WINDOWS\System32\WindowsPowerShell\v1.0;C:\WINDOWS\System32\OpenSSH;E:\anzhuang;E:\anzhuang\Git\cmd;C:\ProgramData\chocolatey\bin;%NVM_HOME%;%NVM_SYMLINK%;C:\Program Files\nodejs;C:\Users\86182\AppData\Local\Programs\Python\Python311-32\Scripts;C:\Users\86182\AppData\Local\Programs\Python\Python311-32;C:\Program Files\MySQL\MySQL Shell 8.0\bin;C:\Users\86182\AppData\Local\Programs\Python\Python38\Scripts;C:\Users\86182\AppData\Local\Programs\Python\Python38;C:\Users\86182\AppData\Local\Microsoft\WindowsApps;C:\Program Files\Bandizip;E:\anzhuang\PyCharm Community Edition 2020.1.2\bin;C:\Program Files (x86)\Google\Chrome\Application;C:\Users\86182\AppData\Roaming\Microsoft\Windows\Start Menu\Programs\Python 3.8\phantomjs-2.1.1-windows;C:\Users\86182\AppData\Local\Programs\Microsoft VS Code\bin;C:\Users\86182\AppData\Local\GitHubDesktop\bin;E:\anzhuang\nvm;C:\Program Files\nodejs;C:\Users\86182\AppData\Roaming\npm;E:\anzhuang\Git\usr\bin\vendor_perl;E:\anzhuang\Git\usr\bin\core_perl

Yarn version: 
  1.22.19

Node version: 
  16.16.0

Platform: 
  win32 x64

Trace: 
  Error: Can't answer a question unless a user TTY
      at ConsoleReporter.question (C:\Users\86182\AppData\Roaming\npm\node_modules\yarn\lib\cli.js:92864:59)
      at Object.<anonymous> (C:\Users\86182\AppData\Roaming\npm\node_modules\yarn\lib\cli.js:85054:38)
      at Generator.next (<anonymous>)
      at step (C:\Users\86182\AppData\Roaming\npm\node_modules\yarn\lib\cli.js:310:30)
      at C:\Users\86182\AppData\Roaming\npm\node_modules\yarn\lib\cli.js:321:13
      at processTicksAndRejections (node:internal/process/task_queues:96:5)

npm manifest: 
  No manifest

yarn manifest: 
  No manifest

Lockfile: 
  No lockfile
